<?xml version="1.0" encoding="UTF-8"?>
<testsuite xmlns:xsi="http://www.w3.org/2001/XMLSchema-instance" xsi:noNamespaceSchemaLocation="https://maven.apache.org/surefire/maven-surefire-plugin/xsd/surefire-test-report-3.0.xsd" version="3.0" name="com.uniamerica.pie.hotel.services.HotelServiceTest" time="0.106" tests="2" errors="0" skipped="0" failures="0">
  <properties>
    <property name="java.specification.version" value="23"/>
    <property name="sun.jnu.encoding" value="UTF-8"/>
    <property name="java.class.path" value="/Users/fernandosuerte/Downloads/hotelPIE-main 2/target/test-classes:/Users/fernandosuerte/Downloads/hotelPIE-main 2/target/classes:/Users/fernandosuerte/.m2/repository/org/projectlombok/lombok/1.18.36/lombok-1.18.36.jar:/Users/fernandosuerte/.m2/repository/junit/junit/4.13.2/junit-4.13.2.jar:/Users/fernandosuerte/.m2/repository/org/hamcrest/hamcrest-core/2.2/hamcrest-core-2.2.jar:/Users/fernandosuerte/.m2/repository/org/mockito/mockito-core/5.11.0/mockito-core-5.11.0.jar:/Users/fernandosuerte/.m2/repository/net/bytebuddy/byte-buddy/1.14.19/byte-buddy-1.14.19.jar:/Users/fernandosuerte/.m2/repository/net/bytebuddy/byte-buddy-agent/1.14.19/byte-buddy-agent-1.14.19.jar:/Users/fernandosuerte/.m2/repository/org/objenesis/objenesis/3.3/objenesis-3.3.jar:/Users/fernandosuerte/.m2/repository/com/fasterxml/jackson/core/jackson-databind/2.17.3/jackson-databind-2.17.3.jar:/Users/fernandosuerte/.m2/repository/com/fasterxml/jackson/core/jackson-annotations/2.17.3/jackson-annotations-2.17.3.jar:/Users/fernandosuerte/.m2/repository/com/fasterxml/jackson/core/jackson-core/2.17.3/jackson-core-2.17.3.jar:/Users/fernandosuerte/.m2/repository/org/springframework/boot/spring-boot-starter-test/3.3.6/spring-boot-starter-test-3.3.6.jar:/Users/fernandosuerte/.m2/repository/org/springframework/boot/spring-boot-starter/3.3.6/spring-boot-starter-3.3.6.jar:/Users/fernandosuerte/.m2/repository/org/springframework/boot/spring-boot/3.3.6/spring-boot-3.3.6.jar:/Users/fernandosuerte/.m2/repository/org/springframework/boot/spring-boot-autoconfigure/3.3.6/spring-boot-autoconfigure-3.3.6.jar:/Users/fernandosuerte/.m2/repository/org/springframework/boot/spring-boot-starter-logging/3.3.6/spring-boot-starter-logging-3.3.6.jar:/Users/fernandosuerte/.m2/repository/ch/qos/logback/logback-classic/1.5.12/logback-classic-1.5.12.jar:/Users/fernandosuerte/.m2/repository/ch/qos/logback/logback-core/1.5.12/logback-core-1.5.12.jar:/Users/fernandosuerte/.m2/repository/org/apache/logging/log4j/log4j-to-slf4j/2.23.1/log4j-to-slf4j-2.23.1.jar:/Users/fernandosuerte/.m2/repository/org/apache/logging/log4j/log4j-api/2.23.1/log4j-api-2.23.1.jar:/Users/fernandosuerte/.m2/repository/org/slf4j/jul-to-slf4j/2.0.16/jul-to-slf4j-2.0.16.jar:/Users/fernandosuerte/.m2/repository/jakarta/annotation/jakarta.annotation-api/2.1.1/jakarta.annotation-api-2.1.1.jar:/Users/fernandosuerte/.m2/repository/org/yaml/snakeyaml/2.2/snakeyaml-2.2.jar:/Users/fernandosuerte/.m2/repository/org/springframework/boot/spring-boot-test/3.3.6/spring-boot-test-3.3.6.jar:/Users/fernandosuerte/.m2/repository/org/springframework/boot/spring-boot-test-autoconfigure/3.3.6/spring-boot-test-autoconfigure-3.3.6.jar:/Users/fernandosuerte/.m2/repository/com/jayway/jsonpath/json-path/2.9.0/json-path-2.9.0.jar:/Users/fernandosuerte/.m2/repository/org/slf4j/slf4j-api/2.0.16/slf4j-api-2.0.16.jar:/Users/fernandosuerte/.m2/repository/jakarta/xml/bind/jakarta.xml.bind-api/4.0.2/jakarta.xml.bind-api-4.0.2.jar:/Users/fernandosuerte/.m2/repository/jakarta/activation/jakarta.activation-api/2.1.3/jakarta.activation-api-2.1.3.jar:/Users/fernandosuerte/.m2/repository/net/minidev/json-smart/2.5.1/json-smart-2.5.1.jar:/Users/fernandosuerte/.m2/repository/net/minidev/accessors-smart/2.5.1/accessors-smart-2.5.1.jar:/Users/fernandosuerte/.m2/repository/org/ow2/asm/asm/9.6/asm-9.6.jar:/Users/fernandosuerte/.m2/repository/org/assertj/assertj-core/3.25.3/assertj-core-3.25.3.jar:/Users/fernandosuerte/.m2/repository/org/awaitility/awaitility/4.2.2/awaitility-4.2.2.jar:/Users/fernandosuerte/.m2/repository/org/hamcrest/hamcrest/2.2/hamcrest-2.2.jar:/Users/fernandosuerte/.m2/repository/org/junit/jupiter/junit-jupiter/5.10.5/junit-jupiter-5.10.5.jar:/Users/fernandosuerte/.m2/repository/org/junit/jupiter/junit-jupiter-api/5.10.5/junit-jupiter-api-5.10.5.jar:/Users/fernandosuerte/.m2/repository/org/opentest4j/opentest4j/1.3.0/opentest4j-1.3.0.jar:/Users/fernandosuerte/.m2/repository/org/junit/platform/junit-platform-commons/1.10.5/junit-platform-commons-1.10.5.jar:/Users/fernandosuerte/.m2/repository/org/apiguardian/apiguardian-api/1.1.2/apiguardian-api-1.1.2.jar:/Users/fernandosuerte/.m2/repository/org/junit/jupiter/junit-jupiter-params/5.10.5/junit-jupiter-params-5.10.5.jar:/Users/fernandosuerte/.m2/repository/org/junit/jupiter/junit-jupiter-engine/5.10.5/junit-jupiter-engine-5.10.5.jar:/Users/fernandosuerte/.m2/repository/org/junit/platform/junit-platform-engine/1.10.5/junit-platform-engine-1.10.5.jar:/Users/fernandosuerte/.m2/repository/org/mockito/mockito-junit-jupiter/5.11.0/mockito-junit-jupiter-5.11.0.jar:/Users/fernandosuerte/.m2/repository/org/skyscreamer/jsonassert/1.5.3/jsonassert-1.5.3.jar:/Users/fernandosuerte/.m2/repository/com/vaadin/external/google/android-json/0.0.20131108.vaadin1/android-json-0.0.20131108.vaadin1.jar:/Users/fernandosuerte/.m2/repository/org/springframework/spring-core/6.1.15/spring-core-6.1.15.jar:/Users/fernandosuerte/.m2/repository/org/springframework/spring-jcl/6.1.15/spring-jcl-6.1.15.jar:/Users/fernandosuerte/.m2/repository/org/springframework/spring-test/6.1.15/spring-test-6.1.15.jar:/Users/fernandosuerte/.m2/repository/org/xmlunit/xmlunit-core/2.9.1/xmlunit-core-2.9.1.jar:/Users/fernandosuerte/.m2/repository/org/springdoc/springdoc-openapi-ui/1.6.14/springdoc-openapi-ui-1.6.14.jar:/Users/fernandosuerte/.m2/repository/org/springdoc/springdoc-openapi-webmvc-core/1.6.14/springdoc-openapi-webmvc-core-1.6.14.jar:/Users/fernandosuerte/.m2/repository/org/springdoc/springdoc-openapi-common/1.6.14/springdoc-openapi-common-1.6.14.jar:/Users/fernandosuerte/.m2/repository/io/swagger/core/v3/swagger-core/2.2.7/swagger-core-2.2.7.jar:/Users/fernandosuerte/.m2/repository/org/apache/commons/commons-lang3/3.14.0/commons-lang3-3.14.0.jar:/Users/fernandosuerte/.m2/repository/com/fasterxml/jackson/dataformat/jackson-dataformat-yaml/2.17.3/jackson-dataformat-yaml-2.17.3.jar:/Users/fernandosuerte/.m2/repository/io/swagger/core/v3/swagger-annotations/2.2.7/swagger-annotations-2.2.7.jar:/Users/fernandosuerte/.m2/repository/io/swagger/core/v3/swagger-models/2.2.7/swagger-models-2.2.7.jar:/Users/fernandosuerte/.m2/repository/org/webjars/swagger-ui/4.15.5/swagger-ui-4.15.5.jar:/Users/fernandosuerte/.m2/repository/org/webjars/webjars-locator-core/0.58/webjars-locator-core-0.58.jar:/Users/fernandosuerte/.m2/repository/io/github/classgraph/classgraph/4.8.149/classgraph-4.8.149.jar:/Users/fernandosuerte/.m2/repository/org/springframework/boot/spring-boot-starter-web/3.3.6/spring-boot-starter-web-3.3.6.jar:/Users/fernandosuerte/.m2/repository/org/springframework/boot/spring-boot-starter-json/3.3.6/spring-boot-starter-json-3.3.6.jar:/Users/fernandosuerte/.m2/repository/com/fasterxml/jackson/datatype/jackson-datatype-jdk8/2.17.3/jackson-datatype-jdk8-2.17.3.jar:/Users/fernandosuerte/.m2/repository/com/fasterxml/jackson/datatype/jackson-datatype-jsr310/2.17.3/jackson-datatype-jsr310-2.17.3.jar:/Users/fernandosuerte/.m2/repository/com/fasterxml/jackson/module/jackson-module-parameter-names/2.17.3/jackson-module-parameter-names-2.17.3.jar:/Users/fernandosuerte/.m2/repository/org/springframework/boot/spring-boot-starter-tomcat/3.3.6/spring-boot-starter-tomcat-3.3.6.jar:/Users/fernandosuerte/.m2/repository/org/apache/tomcat/embed/tomcat-embed-core/10.1.33/tomcat-embed-core-10.1.33.jar:/Users/fernandosuerte/.m2/repository/org/apache/tomcat/embed/tomcat-embed-el/10.1.33/tomcat-embed-el-10.1.33.jar:/Users/fernandosuerte/.m2/repository/org/apache/tomcat/embed/tomcat-embed-websocket/10.1.33/tomcat-embed-websocket-10.1.33.jar:/Users/fernandosuerte/.m2/repository/org/springframework/spring-web/6.1.15/spring-web-6.1.15.jar:/Users/fernandosuerte/.m2/repository/org/springframework/spring-beans/6.1.15/spring-beans-6.1.15.jar:/Users/fernandosuerte/.m2/repository/io/micrometer/micrometer-observation/1.13.8/micrometer-observation-1.13.8.jar:/Users/fernandosuerte/.m2/repository/io/micrometer/micrometer-commons/1.13.8/micrometer-commons-1.13.8.jar:/Users/fernandosuerte/.m2/repository/org/springframework/spring-webmvc/6.1.15/spring-webmvc-6.1.15.jar:/Users/fernandosuerte/.m2/repository/org/springframework/spring-context/6.1.15/spring-context-6.1.15.jar:/Users/fernandosuerte/.m2/repository/org/springframework/spring-expression/6.1.15/spring-expression-6.1.15.jar:/Users/fernandosuerte/.m2/repository/com/mysql/mysql-connector-j/8.3.0/mysql-connector-j-8.3.0.jar:/Users/fernandosuerte/.m2/repository/org/springframework/boot/spring-boot-starter-data-jpa/3.3.6/spring-boot-starter-data-jpa-3.3.6.jar:/Users/fernandosuerte/.m2/repository/org/springframework/boot/spring-boot-starter-aop/3.3.6/spring-boot-starter-aop-3.3.6.jar:/Users/fernandosuerte/.m2/repository/org/aspectj/aspectjweaver/1.9.22.1/aspectjweaver-1.9.22.1.jar:/Users/fernandosuerte/.m2/repository/org/springframework/boot/spring-boot-starter-jdbc/3.3.6/spring-boot-starter-jdbc-3.3.6.jar:/Users/fernandosuerte/.m2/repository/com/zaxxer/HikariCP/5.1.0/HikariCP-5.1.0.jar:/Users/fernandosuerte/.m2/repository/org/springframework/spring-jdbc/6.1.15/spring-jdbc-6.1.15.jar:/Users/fernandosuerte/.m2/repository/org/hibernate/orm/hibernate-core/6.5.3.Final/hibernate-core-6.5.3.Final.jar:/Users/fernandosuerte/.m2/repository/jakarta/persistence/jakarta.persistence-api/3.1.0/jakarta.persistence-api-3.1.0.jar:/Users/fernandosuerte/.m2/repository/jakarta/transaction/jakarta.transaction-api/2.0.1/jakarta.transaction-api-2.0.1.jar:/Users/fernandosuerte/.m2/repository/org/hibernate/common/hibernate-commons-annotations/6.0.6.Final/hibernate-commons-annotations-6.0.6.Final.jar:/Users/fernandosuerte/.m2/repository/io/smallrye/jandex/3.1.2/jandex-3.1.2.jar:/Users/fernandosuerte/.m2/repository/org/glassfish/jaxb/jaxb-runtime/4.0.5/jaxb-runtime-4.0.5.jar:/Users/fernandosuerte/.m2/repository/org/glassfish/jaxb/jaxb-core/4.0.5/jaxb-core-4.0.5.jar:/Users/fernandosuerte/.m2/repository/org/eclipse/angus/angus-activation/2.0.2/angus-activation-2.0.2.jar:/Users/fernandosuerte/.m2/repository/org/glassfish/jaxb/txw2/4.0.5/txw2-4.0.5.jar:/Users/fernandosuerte/.m2/repository/com/sun/istack/istack-commons-runtime/4.1.2/istack-commons-runtime-4.1.2.jar:/Users/fernandosuerte/.m2/repository/jakarta/inject/jakarta.inject-api/2.0.1/jakarta.inject-api-2.0.1.jar:/Users/fernandosuerte/.m2/repository/org/antlr/antlr4-runtime/4.13.0/antlr4-runtime-4.13.0.jar:/Users/fernandosuerte/.m2/repository/org/springframework/data/spring-data-jpa/3.3.6/spring-data-jpa-3.3.6.jar:/Users/fernandosuerte/.m2/repository/org/springframework/data/spring-data-commons/3.3.6/spring-data-commons-3.3.6.jar:/Users/fernandosuerte/.m2/repository/org/springframework/spring-orm/6.1.15/spring-orm-6.1.15.jar:/Users/fernandosuerte/.m2/repository/org/springframework/spring-tx/6.1.15/spring-tx-6.1.15.jar:/Users/fernandosuerte/.m2/repository/org/springframework/spring-aspects/6.1.15/spring-aspects-6.1.15.jar:/Users/fernandosuerte/.m2/repository/jakarta/validation/jakarta.validation-api/3.0.2/jakarta.validation-api-3.0.2.jar:/Users/fernandosuerte/.m2/repository/org/hibernate/validator/hibernate-validator/8.0.1.Final/hibernate-validator-8.0.1.Final.jar:/Users/fernandosuerte/.m2/repository/org/jboss/logging/jboss-logging/3.5.3.Final/jboss-logging-3.5.3.Final.jar:/Users/fernandosuerte/.m2/repository/com/fasterxml/classmate/1.7.0/classmate-1.7.0.jar:/Users/fernandosuerte/.m2/repository/org/springframework/boot/spring-boot-starter-security/3.3.6/spring-boot-starter-security-3.3.6.jar:/Users/fernandosuerte/.m2/repository/org/springframework/spring-aop/6.1.15/spring-aop-6.1.15.jar:/Users/fernandosuerte/.m2/repository/org/springframework/security/spring-security-config/6.3.5/spring-security-config-6.3.5.jar:/Users/fernandosuerte/.m2/repository/org/springframework/security/spring-security-core/6.3.5/spring-security-core-6.3.5.jar:/Users/fernandosuerte/.m2/repository/org/springframework/security/spring-security-crypto/6.3.5/spring-security-crypto-6.3.5.jar:/Users/fernandosuerte/.m2/repository/org/springframework/security/spring-security-web/6.3.5/spring-security-web-6.3.5.jar:/Users/fernandosuerte/.m2/repository/io/jsonwebtoken/jjwt-impl/0.11.5/jjwt-impl-0.11.5.jar:/Users/fernandosuerte/.m2/repository/io/jsonwebtoken/jjwt-jackson/0.11.5/jjwt-jackson-0.11.5.jar:/Users/fernandosuerte/.m2/repository/io/jsonwebtoken/jjwt-api/0.11.5/jjwt-api-0.11.5.jar:"/>
    <property name="java.vm.vendor" value="Homebrew"/>
    <property name="sun.arch.data.model" value="64"/>
    <property name="java.vendor.url" value="https://github.com/Homebrew/homebrew-core/issues"/>
    <property name="user.timezone" value="America/Sao_Paulo"/>
    <property name="org.jboss.logging.provider" value="slf4j"/>
    <property name="os.name" value="Mac OS X"/>
    <property name="java.vm.specification.version" value="23"/>
    <property name="sun.java.launcher" value="SUN_STANDARD"/>
    <property name="user.country" value="BR"/>
    <property name="sun.boot.library.path" value="/opt/homebrew/Cellar/openjdk/23/libexec/openjdk.jdk/Contents/Home/lib"/>
    <property name="sun.java.command" value="/Users/fernandosuerte/Downloads/hotelPIE-main 2/target/surefire/surefirebooter-20241204184925376_3.jar /Users/fernandosuerte/Downloads/hotelPIE-main 2/target/surefire 2024-12-04T18-49-25_328-jvmRun1 surefire-20241204184925376_1tmp surefire_0-20241204184925376_2tmp"/>
    <property name="http.nonProxyHosts" value="local|*.local|169.254/16|*.169.254/16"/>
    <property name="jdk.debug" value="release"/>
    <property name="surefire.test.class.path" value="/Users/fernandosuerte/Downloads/hotelPIE-main 2/target/test-classes:/Users/fernandosuerte/Downloads/hotelPIE-main 2/target/classes:/Users/fernandosuerte/.m2/repository/org/projectlombok/lombok/1.18.36/lombok-1.18.36.jar:/Users/fernandosuerte/.m2/repository/junit/junit/4.13.2/junit-4.13.2.jar:/Users/fernandosuerte/.m2/repository/org/hamcrest/hamcrest-core/2.2/hamcrest-core-2.2.jar:/Users/fernandosuerte/.m2/repository/org/mockito/mockito-core/5.11.0/mockito-core-5.11.0.jar:/Users/fernandosuerte/.m2/repository/net/bytebuddy/byte-buddy/1.14.19/byte-buddy-1.14.19.jar:/Users/fernandosuerte/.m2/repository/net/bytebuddy/byte-buddy-agent/1.14.19/byte-buddy-agent-1.14.19.jar:/Users/fernandosuerte/.m2/repository/org/objenesis/objenesis/3.3/objenesis-3.3.jar:/Users/fernandosuerte/.m2/repository/com/fasterxml/jackson/core/jackson-databind/2.17.3/jackson-databind-2.17.3.jar:/Users/fernandosuerte/.m2/repository/com/fasterxml/jackson/core/jackson-annotations/2.17.3/jackson-annotations-2.17.3.jar:/Users/fernandosuerte/.m2/repository/com/fasterxml/jackson/core/jackson-core/2.17.3/jackson-core-2.17.3.jar:/Users/fernandosuerte/.m2/repository/org/springframework/boot/spring-boot-starter-test/3.3.6/spring-boot-starter-test-3.3.6.jar:/Users/fernandosuerte/.m2/repository/org/springframework/boot/spring-boot-starter/3.3.6/spring-boot-starter-3.3.6.jar:/Users/fernandosuerte/.m2/repository/org/springframework/boot/spring-boot/3.3.6/spring-boot-3.3.6.jar:/Users/fernandosuerte/.m2/repository/org/springframework/boot/spring-boot-autoconfigure/3.3.6/spring-boot-autoconfigure-3.3.6.jar:/Users/fernandosuerte/.m2/repository/org/springframework/boot/spring-boot-starter-logging/3.3.6/spring-boot-starter-logging-3.3.6.jar:/Users/fernandosuerte/.m2/repository/ch/qos/logback/logback-classic/1.5.12/logback-classic-1.5.12.jar:/Users/fernandosuerte/.m2/repository/ch/qos/logback/logback-core/1.5.12/logback-core-1.5.12.jar:/Users/fernandosuerte/.m2/repository/org/apache/logging/log4j/log4j-to-slf4j/2.23.1/log4j-to-slf4j-2.23.1.jar:/Users/fernandosuerte/.m2/repository/org/apache/logging/log4j/log4j-api/2.23.1/log4j-api-2.23.1.jar:/Users/fernandosuerte/.m2/repository/org/slf4j/jul-to-slf4j/2.0.16/jul-to-slf4j-2.0.16.jar:/Users/fernandosuerte/.m2/repository/jakarta/annotation/jakarta.annotation-api/2.1.1/jakarta.annotation-api-2.1.1.jar:/Users/fernandosuerte/.m2/repository/org/yaml/snakeyaml/2.2/snakeyaml-2.2.jar:/Users/fernandosuerte/.m2/repository/org/springframework/boot/spring-boot-test/3.3.6/spring-boot-test-3.3.6.jar:/Users/fernandosuerte/.m2/repository/org/springframework/boot/spring-boot-test-autoconfigure/3.3.6/spring-boot-test-autoconfigure-3.3.6.jar:/Users/fernandosuerte/.m2/repository/com/jayway/jsonpath/json-path/2.9.0/json-path-2.9.0.jar:/Users/fernandosuerte/.m2/repository/org/slf4j/slf4j-api/2.0.16/slf4j-api-2.0.16.jar:/Users/fernandosuerte/.m2/repository/jakarta/xml/bind/jakarta.xml.bind-api/4.0.2/jakarta.xml.bind-api-4.0.2.jar:/Users/fernandosuerte/.m2/repository/jakarta/activation/jakarta.activation-api/2.1.3/jakarta.activation-api-2.1.3.jar:/Users/fernandosuerte/.m2/repository/net/minidev/json-smart/2.5.1/json-smart-2.5.1.jar:/Users/fernandosuerte/.m2/repository/net/minidev/accessors-smart/2.5.1/accessors-smart-2.5.1.jar:/Users/fernandosuerte/.m2/repository/org/ow2/asm/asm/9.6/asm-9.6.jar:/Users/fernandosuerte/.m2/repository/org/assertj/assertj-core/3.25.3/assertj-core-3.25.3.jar:/Users/fernandosuerte/.m2/repository/org/awaitility/awaitility/4.2.2/awaitility-4.2.2.jar:/Users/fernandosuerte/.m2/repository/org/hamcrest/hamcrest/2.2/hamcrest-2.2.jar:/Users/fernandosuerte/.m2/repository/org/junit/jupiter/junit-jupiter/5.10.5/junit-jupiter-5.10.5.jar:/Users/fernandosuerte/.m2/repository/org/junit/jupiter/junit-jupiter-api/5.10.5/junit-jupiter-api-5.10.5.jar:/Users/fernandosuerte/.m2/repository/org/opentest4j/opentest4j/1.3.0/opentest4j-1.3.0.jar:/Users/fernandosuerte/.m2/repository/org/junit/platform/junit-platform-commons/1.10.5/junit-platform-commons-1.10.5.jar:/Users/fernandosuerte/.m2/repository/org/apiguardian/apiguardian-api/1.1.2/apiguardian-api-1.1.2.jar:/Users/fernandosuerte/.m2/repository/org/junit/jupiter/junit-jupiter-params/5.10.5/junit-jupiter-params-5.10.5.jar:/Users/fernandosuerte/.m2/repository/org/junit/jupiter/junit-jupiter-engine/5.10.5/junit-jupiter-engine-5.10.5.jar:/Users/fernandosuerte/.m2/repository/org/junit/platform/junit-platform-engine/1.10.5/junit-platform-engine-1.10.5.jar:/Users/fernandosuerte/.m2/repository/org/mockito/mockito-junit-jupiter/5.11.0/mockito-junit-jupiter-5.11.0.jar:/Users/fernandosuerte/.m2/repository/org/skyscreamer/jsonassert/1.5.3/jsonassert-1.5.3.jar:/Users/fernandosuerte/.m2/repository/com/vaadin/external/google/android-json/0.0.20131108.vaadin1/android-json-0.0.20131108.vaadin1.jar:/Users/fernandosuerte/.m2/repository/org/springframework/spring-core/6.1.15/spring-core-6.1.15.jar:/Users/fernandosuerte/.m2/repository/org/springframework/spring-jcl/6.1.15/spring-jcl-6.1.15.jar:/Users/fernandosuerte/.m2/repository/org/springframework/spring-test/6.1.15/spring-test-6.1.15.jar:/Users/fernandosuerte/.m2/repository/org/xmlunit/xmlunit-core/2.9.1/xmlunit-core-2.9.1.jar:/Users/fernandosuerte/.m2/repository/org/springdoc/springdoc-openapi-ui/1.6.14/springdoc-openapi-ui-1.6.14.jar:/Users/fernandosuerte/.m2/repository/org/springdoc/springdoc-openapi-webmvc-core/1.6.14/springdoc-openapi-webmvc-core-1.6.14.jar:/Users/fernandosuerte/.m2/repository/org/springdoc/springdoc-openapi-common/1.6.14/springdoc-openapi-common-1.6.14.jar:/Users/fernandosuerte/.m2/repository/io/swagger/core/v3/swagger-core/2.2.7/swagger-core-2.2.7.jar:/Users/fernandosuerte/.m2/repository/org/apache/commons/commons-lang3/3.14.0/commons-lang3-3.14.0.jar:/Users/fernandosuerte/.m2/repository/com/fasterxml/jackson/dataformat/jackson-dataformat-yaml/2.17.3/jackson-dataformat-yaml-2.17.3.jar:/Users/fernandosuerte/.m2/repository/io/swagger/core/v3/swagger-annotations/2.2.7/swagger-annotations-2.2.7.jar:/Users/fernandosuerte/.m2/repository/io/swagger/core/v3/swagger-models/2.2.7/swagger-models-2.2.7.jar:/Users/fernandosuerte/.m2/repository/org/webjars/swagger-ui/4.15.5/swagger-ui-4.15.5.jar:/Users/fernandosuerte/.m2/repository/org/webjars/webjars-locator-core/0.58/webjars-locator-core-0.58.jar:/Users/fernandosuerte/.m2/repository/io/github/classgraph/classgraph/4.8.149/classgraph-4.8.149.jar:/Users/fernandosuerte/.m2/repository/org/springframework/boot/spring-boot-starter-web/3.3.6/spring-boot-starter-web-3.3.6.jar:/Users/fernandosuerte/.m2/repository/org/springframework/boot/spring-boot-starter-json/3.3.6/spring-boot-starter-json-3.3.6.jar:/Users/fernandosuerte/.m2/repository/com/fasterxml/jackson/datatype/jackson-datatype-jdk8/2.17.3/jackson-datatype-jdk8-2.17.3.jar:/Users/fernandosuerte/.m2/repository/com/fasterxml/jackson/datatype/jackson-datatype-jsr310/2.17.3/jackson-datatype-jsr310-2.17.3.jar:/Users/fernandosuerte/.m2/repository/com/fasterxml/jackson/module/jackson-module-parameter-names/2.17.3/jackson-module-parameter-names-2.17.3.jar:/Users/fernandosuerte/.m2/repository/org/springframework/boot/spring-boot-starter-tomcat/3.3.6/spring-boot-starter-tomcat-3.3.6.jar:/Users/fernandosuerte/.m2/repository/org/apache/tomcat/embed/tomcat-embed-core/10.1.33/tomcat-embed-core-10.1.33.jar:/Users/fernandosuerte/.m2/repository/org/apache/tomcat/embed/tomcat-embed-el/10.1.33/tomcat-embed-el-10.1.33.jar:/Users/fernandosuerte/.m2/repository/org/apache/tomcat/embed/tomcat-embed-websocket/10.1.33/tomcat-embed-websocket-10.1.33.jar:/Users/fernandosuerte/.m2/repository/org/springframework/spring-web/6.1.15/spring-web-6.1.15.jar:/Users/fernandosuerte/.m2/repository/org/springframework/spring-beans/6.1.15/spring-beans-6.1.15.jar:/Users/fernandosuerte/.m2/repository/io/micrometer/micrometer-observation/1.13.8/micrometer-observation-1.13.8.jar:/Users/fernandosuerte/.m2/repository/io/micrometer/micrometer-commons/1.13.8/micrometer-commons-1.13.8.jar:/Users/fernandosuerte/.m2/repository/org/springframework/spring-webmvc/6.1.15/spring-webmvc-6.1.15.jar:/Users/fernandosuerte/.m2/repository/org/springframework/spring-context/6.1.15/spring-context-6.1.15.jar:/Users/fernandosuerte/.m2/repository/org/springframework/spring-expression/6.1.15/spring-expression-6.1.15.jar:/Users/fernandosuerte/.m2/repository/com/mysql/mysql-connector-j/8.3.0/mysql-connector-j-8.3.0.jar:/Users/fernandosuerte/.m2/repository/org/springframework/boot/spring-boot-starter-data-jpa/3.3.6/spring-boot-starter-data-jpa-3.3.6.jar:/Users/fernandosuerte/.m2/repository/org/springframework/boot/spring-boot-starter-aop/3.3.6/spring-boot-starter-aop-3.3.6.jar:/Users/fernandosuerte/.m2/repository/org/aspectj/aspectjweaver/1.9.22.1/aspectjweaver-1.9.22.1.jar:/Users/fernandosuerte/.m2/repository/org/springframework/boot/spring-boot-starter-jdbc/3.3.6/spring-boot-starter-jdbc-3.3.6.jar:/Users/fernandosuerte/.m2/repository/com/zaxxer/HikariCP/5.1.0/HikariCP-5.1.0.jar:/Users/fernandosuerte/.m2/repository/org/springframework/spring-jdbc/6.1.15/spring-jdbc-6.1.15.jar:/Users/fernandosuerte/.m2/repository/org/hibernate/orm/hibernate-core/6.5.3.Final/hibernate-core-6.5.3.Final.jar:/Users/fernandosuerte/.m2/repository/jakarta/persistence/jakarta.persistence-api/3.1.0/jakarta.persistence-api-3.1.0.jar:/Users/fernandosuerte/.m2/repository/jakarta/transaction/jakarta.transaction-api/2.0.1/jakarta.transaction-api-2.0.1.jar:/Users/fernandosuerte/.m2/repository/org/hibernate/common/hibernate-commons-annotations/6.0.6.Final/hibernate-commons-annotations-6.0.6.Final.jar:/Users/fernandosuerte/.m2/repository/io/smallrye/jandex/3.1.2/jandex-3.1.2.jar:/Users/fernandosuerte/.m2/repository/org/glassfish/jaxb/jaxb-runtime/4.0.5/jaxb-runtime-4.0.5.jar:/Users/fernandosuerte/.m2/repository/org/glassfish/jaxb/jaxb-core/4.0.5/jaxb-core-4.0.5.jar:/Users/fernandosuerte/.m2/repository/org/eclipse/angus/angus-activation/2.0.2/angus-activation-2.0.2.jar:/Users/fernandosuerte/.m2/repository/org/glassfish/jaxb/txw2/4.0.5/txw2-4.0.5.jar:/Users/fernandosuerte/.m2/repository/com/sun/istack/istack-commons-runtime/4.1.2/istack-commons-runtime-4.1.2.jar:/Users/fernandosuerte/.m2/repository/jakarta/inject/jakarta.inject-api/2.0.1/jakarta.inject-api-2.0.1.jar:/Users/fernandosuerte/.m2/repository/org/antlr/antlr4-runtime/4.13.0/antlr4-runtime-4.13.0.jar:/Users/fernandosuerte/.m2/repository/org/springframework/data/spring-data-jpa/3.3.6/spring-data-jpa-3.3.6.jar:/Users/fernandosuerte/.m2/repository/org/springframework/data/spring-data-commons/3.3.6/spring-data-commons-3.3.6.jar:/Users/fernandosuerte/.m2/repository/org/springframework/spring-orm/6.1.15/spring-orm-6.1.15.jar:/Users/fernandosuerte/.m2/repository/org/springframework/spring-tx/6.1.15/spring-tx-6.1.15.jar:/Users/fernandosuerte/.m2/repository/org/springframework/spring-aspects/6.1.15/spring-aspects-6.1.15.jar:/Users/fernandosuerte/.m2/repository/jakarta/validation/jakarta.validation-api/3.0.2/jakarta.validation-api-3.0.2.jar:/Users/fernandosuerte/.m2/repository/org/hibernate/validator/hibernate-validator/8.0.1.Final/hibernate-validator-8.0.1.Final.jar:/Users/fernandosuerte/.m2/repository/org/jboss/logging/jboss-logging/3.5.3.Final/jboss-logging-3.5.3.Final.jar:/Users/fernandosuerte/.m2/repository/com/fasterxml/classmate/1.7.0/classmate-1.7.0.jar:/Users/fernandosuerte/.m2/repository/org/springframework/boot/spring-boot-starter-security/3.3.6/spring-boot-starter-security-3.3.6.jar:/Users/fernandosuerte/.m2/repository/org/springframework/spring-aop/6.1.15/spring-aop-6.1.15.jar:/Users/fernandosuerte/.m2/repository/org/springframework/security/spring-security-config/6.3.5/spring-security-config-6.3.5.jar:/Users/fernandosuerte/.m2/repository/org/springframework/security/spring-security-core/6.3.5/spring-security-core-6.3.5.jar:/Users/fernandosuerte/.m2/repository/org/springframework/security/spring-security-crypto/6.3.5/spring-security-crypto-6.3.5.jar:/Users/fernandosuerte/.m2/repository/org/springframework/security/spring-security-web/6.3.5/spring-security-web-6.3.5.jar:/Users/fernandosuerte/.m2/repository/io/jsonwebtoken/jjwt-impl/0.11.5/jjwt-impl-0.11.5.jar:/Users/fernandosuerte/.m2/repository/io/jsonwebtoken/jjwt-jackson/0.11.5/jjwt-jackson-0.11.5.jar:/Users/fernandosuerte/.m2/repository/io/jsonwebtoken/jjwt-api/0.11.5/jjwt-api-0.11.5.jar:"/>
    <property name="sun.cpu.endian" value="little"/>
    <property name="user.home" value="/Users/fernandosuerte"/>
    <property name="user.language" value="pt"/>
    <property name="java.specification.vendor" value="Oracle Corporation"/>
    <property name="java.version.date" value="2024-09-17"/>
    <property name="java.home" value="/opt/homebrew/Cellar/openjdk/23/libexec/openjdk.jdk/Contents/Home"/>
    <property name="file.separator" value="/"/>
    <property name="basedir" value="/Users/fernandosuerte/Downloads/hotelPIE-main 2"/>
    <property name="java.vm.compressedOopsMode" value="Zero based"/>
    <property name="line.separator" value="&#10;"/>
    <property name="java.vm.specification.vendor" value="Oracle Corporation"/>
    <property name="java.specification.name" value="Java Platform API Specification"/>
    <property name="FILE_LOG_CHARSET" value="UTF-8"/>
    <property name="java.awt.headless" value="true"/>
    <property name="apple.awt.application.name" value="ForkedBooter"/>
    <property name="surefire.real.class.path" value="/Users/fernandosuerte/Downloads/hotelPIE-main 2/target/surefire/surefirebooter-20241204184925376_3.jar"/>
    <property name="sun.management.compiler" value="HotSpot 64-Bit Tiered Compilers"/>
    <property name="ftp.nonProxyHosts" value="local|*.local|169.254/16|*.169.254/16"/>
    <property name="java.runtime.version" value="23"/>
    <property name="user.name" value="fernandosuerte"/>
    <property name="stdout.encoding" value="UTF-8"/>
    <property name="path.separator" value=":"/>
    <property name="os.version" value="15.1.1"/>
    <property name="java.runtime.name" value="OpenJDK Runtime Environment"/>
    <property name="file.encoding" value="UTF-8"/>
    <property name="java.vm.name" value="OpenJDK 64-Bit Server VM"/>
    <property name="java.vendor.version" value="Homebrew"/>
    <property name="localRepository" value="/Users/fernandosuerte/.m2/repository"/>
    <property name="java.vendor.url.bug" value="https://github.com/Homebrew/homebrew-core/issues"/>
    <property name="java.io.tmpdir" value="/var/folders/wg/wz48wh510dqfwd6wn5sgypsc0000gn/T/"/>
    <property name="com.zaxxer.hikari.pool_number" value="3"/>
    <property name="java.version" value="23"/>
    <property name="user.dir" value="/Users/fernandosuerte/Downloads/hotelPIE-main 2"/>
    <property name="os.arch" value="aarch64"/>
    <property name="java.vm.specification.name" value="Java Virtual Machine Specification"/>
    <property name="PID" value="3024"/>
    <property name="CONSOLE_LOG_CHARSET" value="UTF-8"/>
    <property name="native.encoding" value="UTF-8"/>
    <property name="java.library.path" value="/Users/fernandosuerte/Library/Java/Extensions:/Library/Java/Extensions:/Network/Library/Java/Extensions:/System/Library/Java/Extensions:/usr/lib/java:."/>
    <property name="java.vm.info" value="mixed mode, sharing"/>
    <property name="stderr.encoding" value="UTF-8"/>
    <property name="java.vendor" value="Homebrew"/>
    <property name="java.vm.version" value="23"/>
    <property name="sun.io.unicode.encoding" value="UnicodeBig"/>
    <property name="socksNonProxyHosts" value="local|*.local|169.254/16|*.169.254/16"/>
    <property name="java.class.version" value="67.0"/>
    <property name="LOGGED_APPLICATION_NAME" value="[hotel-silvania] "/>
  </properties>
  <testcase name="testBuscarHotelNaoEncontrado" classname="com.uniamerica.pie.hotel.services.HotelServiceTest" time="0.003">
    <system-out><![CDATA[2024-12-04T18:49:33.182-03:00 DEBUG 3024 --- [hotel-silvania] [           main] .b.t.c.SpringBootTestContextBootstrapper : Neither @ContextConfiguration nor @ContextHierarchy found for test class [HotelServiceTest]: using SpringBootContextLoader
2024-12-04T18:49:33.182-03:00 DEBUG 3024 --- [hotel-silvania] [           main] o.s.t.c.support.AbstractContextLoader    : Could not detect default resource locations for test class [com.uniamerica.pie.hotel.services.HotelServiceTest]: no resource found for suffixes {-context.xml, Context.groovy}.
2024-12-04T18:49:33.183-03:00  INFO 3024 --- [hotel-silvania] [           main] t.c.s.AnnotationConfigContextLoaderUtils : Could not detect default configuration classes for test class [com.uniamerica.pie.hotel.services.HotelServiceTest]: HotelServiceTest does not declare any static, non-private, non-final, nested classes annotated with @Configuration.
2024-12-04T18:49:33.183-03:00 DEBUG 3024 --- [hotel-silvania] [           main] .b.t.c.SpringBootTestContextBootstrapper : Using ContextCustomizerFactory implementations for test class [HotelServiceTest]: [ImportsContextCustomizerFactory, ExcludeFilterContextCustomizerFactory, HttpGraphQlTesterContextCustomizerFactory, DuplicateJsonObjectContextCustomizerFactory, MockitoContextCustomizerFactory, TestRestTemplateContextCustomizerFactory, WebTestClientContextCustomizerFactory, DisableReactorResourceFactoryGlobalResourcesContextCustomizerFactory, OnFailureConditionReportContextCustomizerFactory, OverrideAutoConfigurationContextCustomizerFactory, ObservabilityContextCustomizerFactory, TypeExcludeFiltersContextCustomizerFactory, PropertyMappingContextCustomizerFactory, WebDriverContextCustomizerFactory, MockServerContainerContextCustomizerFactory, DynamicPropertiesContextCustomizerFactory]
2024-12-04T18:49:33.183-03:00 DEBUG 3024 --- [hotel-silvania] [           main] .b.t.c.SpringBootTestContextBootstrapper : Using ContextCustomizers for test class [HotelServiceTest]: [ExcludeFilterContextCustomizer, DuplicateJsonObjectContextCustomizer, MockitoContextCustomizer, TestRestTemplateContextCustomizer, DisableReactorResourceFactoryGlobalResourcesContextCustomizerCustomizer, OnFailureConditionReportContextCustomizer, DisableObservabilityContextCustomizer, PropertyMappingContextCustomizer, WebDriverContextCustomizer]
2024-12-04T18:49:33.186-03:00 DEBUG 3024 --- [hotel-silvania] [           main] ssPathScanningCandidateComponentProvider : Identified candidate component class: file [/Users/fernandosuerte/Downloads/hotelPIE-main 2/target/classes/com/uniamerica/pie/hotel/HotelSilvaniaApplication.class]
2024-12-04T18:49:33.186-03:00  INFO 3024 --- [hotel-silvania] [           main] .b.t.c.SpringBootTestContextBootstrapper : Found @SpringBootConfiguration com.uniamerica.pie.hotel.HotelSilvaniaApplication for test class com.uniamerica.pie.hotel.services.HotelServiceTest
2024-12-04T18:49:33.186-03:00 DEBUG 3024 --- [hotel-silvania] [           main] .s.t.c.u.TestContextSpringFactoriesUtils : Skipping candidate TestExecutionListener [org.springframework.test.context.observation.MicrometerObservationRegistryTestExecutionListener] due to a missing dependency. Specify custom TestExecutionListener classes or make the default TestExecutionListener classes and their required dependencies available. Offending class: io.micrometer.context.ThreadLocalAccessor. MicrometerObservationRegistryTestExecutionListener requires io.micrometer:micrometer-observation:1.10.8 or higher and io.micrometer:context-propagation:1.0.3 or higher.
2024-12-04T18:49:33.186-03:00 DEBUG 3024 --- [hotel-silvania] [           main] .b.t.c.SpringBootTestContextBootstrapper : Using TestExecutionListeners for test class [HotelServiceTest]: [ServletTestExecutionListener, DirtiesContextBeforeModesTestExecutionListener, ApplicationEventsTestExecutionListener, MockitoTestExecutionListener, DependencyInjectionTestExecutionListener, DirtiesContextTestExecutionListener, TransactionalTestExecutionListener, SqlScriptsTestExecutionListener, EventPublishingTestExecutionListener, ResetMocksTestExecutionListener, RestDocsTestExecutionListener, MockRestServiceServerResetTestExecutionListener, MockMvcPrintOnlyOnFailureTestExecutionListener, WebDriverTestExecutionListener, MockWebServiceServerTestExecutionListener]
2024-12-04T18:49:33.187-03:00 DEBUG 3024 --- [hotel-silvania] [           main] sContextBeforeModesTestExecutionListener : Before test class: class [HotelServiceTest], class annotated with @DirtiesContext [false] with mode [null]
2024-12-04T18:49:33.187-03:00 DEBUG 3024 --- [hotel-silvania] [           main] org.springframework.test.context.cache   : Spring test ApplicationContext cache statistics: [DefaultContextCache@2d471a7d size = 3, maxSize = 32, parentContextCount = 0, hitCount = 171, missCount = 3, failureCount = 0]
2024-12-04T18:49:33.187-03:00 DEBUG 3024 --- [hotel-silvania] [           main] org.springframework.test.context.cache   : Spring test ApplicationContext cache statistics: [DefaultContextCache@2d471a7d size = 3, maxSize = 32, parentContextCount = 0, hitCount = 172, missCount = 3, failureCount = 0]
2024-12-04T18:49:33.187-03:00 DEBUG 3024 --- [hotel-silvania] [           main] o.s.t.c.w.ServletTestExecutionListener   : Setting up MockHttpServletRequest, MockHttpServletResponse, ServletWebRequest, and RequestContextHolder for test class com.uniamerica.pie.hotel.services.HotelServiceTest
2024-12-04T18:49:33.272-03:00 DEBUG 3024 --- [hotel-silvania] [           main] DependencyInjectionTestExecutionListener : Performing dependency injection for test class com.uniamerica.pie.hotel.services.HotelServiceTest
2024-12-04T18:49:33.273-03:00 DEBUG 3024 --- [hotel-silvania] [           main] org.springframework.test.context.cache   : Spring test ApplicationContext cache statistics: [DefaultContextCache@2d471a7d size = 3, maxSize = 32, parentContextCount = 0, hitCount = 173, missCount = 3, failureCount = 0]
2024-12-04T18:49:33.273-03:00 DEBUG 3024 --- [hotel-silvania] [           main] org.springframework.test.context.cache   : Spring test ApplicationContext cache statistics: [DefaultContextCache@2d471a7d size = 3, maxSize = 32, parentContextCount = 0, hitCount = 174, missCount = 3, failureCount = 0]
2024-12-04T18:49:33.273-03:00 DEBUG 3024 --- [hotel-silvania] [           main] sContextBeforeModesTestExecutionListener : Before test method: class [HotelServiceTest], method [testBuscarHotelNaoEncontrado], class annotated with @DirtiesContext [false] with mode [null], method annotated with @DirtiesContext [false] with mode [null]
2024-12-04T18:49:33.273-03:00 DEBUG 3024 --- [hotel-silvania] [           main] org.springframework.test.context.cache   : Spring test ApplicationContext cache statistics: [DefaultContextCache@2d471a7d size = 3, maxSize = 32, parentContextCount = 0, hitCount = 175, missCount = 3, failureCount = 0]
2024-12-04T18:49:33.273-03:00 DEBUG 3024 --- [hotel-silvania] [           main] org.springframework.test.context.cache   : Spring test ApplicationContext cache statistics: [DefaultContextCache@2d471a7d size = 3, maxSize = 32, parentContextCount = 0, hitCount = 176, missCount = 3, failureCount = 0]
2024-12-04T18:49:33.274-03:00 DEBUG 3024 --- [hotel-silvania] [           main] org.springframework.test.context.cache   : Spring test ApplicationContext cache statistics: [DefaultContextCache@2d471a7d size = 3, maxSize = 32, parentContextCount = 0, hitCount = 177, missCount = 3, failureCount = 0]
2024-12-04T18:49:33.275-03:00 DEBUG 3024 --- [hotel-silvania] [           main] org.springframework.test.context.cache   : Spring test ApplicationContext cache statistics: [DefaultContextCache@2d471a7d size = 3, maxSize = 32, parentContextCount = 0, hitCount = 178, missCount = 3, failureCount = 0]
2024-12-04T18:49:33.275-03:00 DEBUG 3024 --- [hotel-silvania] [           main] org.springframework.test.context.cache   : Spring test ApplicationContext cache statistics: [DefaultContextCache@2d471a7d size = 3, maxSize = 32, parentContextCount = 0, hitCount = 179, missCount = 3, failureCount = 0]
2024-12-04T18:49:33.275-03:00 DEBUG 3024 --- [hotel-silvania] [           main] org.springframework.test.context.cache   : Spring test ApplicationContext cache statistics: [DefaultContextCache@2d471a7d size = 3, maxSize = 32, parentContextCount = 0, hitCount = 180, missCount = 3, failureCount = 0]
2024-12-04T18:49:33.275-03:00 DEBUG 3024 --- [hotel-silvania] [           main] org.springframework.test.context.cache   : Spring test ApplicationContext cache statistics: [DefaultContextCache@2d471a7d size = 3, maxSize = 32, parentContextCount = 0, hitCount = 181, missCount = 3, failureCount = 0]
2024-12-04T18:49:33.275-03:00 DEBUG 3024 --- [hotel-silvania] [           main] org.springframework.test.context.cache   : Spring test ApplicationContext cache statistics: [DefaultContextCache@2d471a7d size = 3, maxSize = 32, parentContextCount = 0, hitCount = 182, missCount = 3, failureCount = 0]
2024-12-04T18:49:33.276-03:00 DEBUG 3024 --- [hotel-silvania] [           main] org.springframework.test.context.cache   : Spring test ApplicationContext cache statistics: [DefaultContextCache@2d471a7d size = 3, maxSize = 32, parentContextCount = 0, hitCount = 183, missCount = 3, failureCount = 0]
2024-12-04T18:49:33.276-03:00 DEBUG 3024 --- [hotel-silvania] [           main] .c.s.DirtiesContextTestExecutionListener : After test method: class [HotelServiceTest], method [testBuscarHotelNaoEncontrado], class annotated with @DirtiesContext [false] with mode [null], method annotated with @DirtiesContext [false] with mode [null]
2024-12-04T18:49:33.276-03:00 DEBUG 3024 --- [hotel-silvania] [           main] o.s.t.c.w.ServletTestExecutionListener   : Resetting RequestContextHolder for test class com.uniamerica.pie.hotel.services.HotelServiceTest
]]></system-out>
  </testcase>
  <testcase name="testAtualizarHotel" classname="com.uniamerica.pie.hotel.services.HotelServiceTest" time="0.003">
    <system-out><![CDATA[2024-12-04T18:49:33.276-03:00 DEBUG 3024 --- [hotel-silvania] [           main] org.springframework.test.context.cache   : Spring test ApplicationContext cache statistics: [DefaultContextCache@2d471a7d size = 3, maxSize = 32, parentContextCount = 0, hitCount = 184, missCount = 3, failureCount = 0]
2024-12-04T18:49:33.276-03:00 DEBUG 3024 --- [hotel-silvania] [           main] o.s.t.c.w.ServletTestExecutionListener   : Setting up MockHttpServletRequest, MockHttpServletResponse, ServletWebRequest, and RequestContextHolder for test class com.uniamerica.pie.hotel.services.HotelServiceTest
2024-12-04T18:49:33.277-03:00 DEBUG 3024 --- [hotel-silvania] [           main] DependencyInjectionTestExecutionListener : Performing dependency injection for test class com.uniamerica.pie.hotel.services.HotelServiceTest
2024-12-04T18:49:33.277-03:00 DEBUG 3024 --- [hotel-silvania] [           main] org.springframework.test.context.cache   : Spring test ApplicationContext cache statistics: [DefaultContextCache@2d471a7d size = 3, maxSize = 32, parentContextCount = 0, hitCount = 185, missCount = 3, failureCount = 0]
2024-12-04T18:49:33.277-03:00 DEBUG 3024 --- [hotel-silvania] [           main] org.springframework.test.context.cache   : Spring test ApplicationContext cache statistics: [DefaultContextCache@2d471a7d size = 3, maxSize = 32, parentContextCount = 0, hitCount = 186, missCount = 3, failureCount = 0]
2024-12-04T18:49:33.277-03:00 DEBUG 3024 --- [hotel-silvania] [           main] sContextBeforeModesTestExecutionListener : Before test method: class [HotelServiceTest], method [testAtualizarHotel], class annotated with @DirtiesContext [false] with mode [null], method annotated with @DirtiesContext [false] with mode [null]
2024-12-04T18:49:33.277-03:00 DEBUG 3024 --- [hotel-silvania] [           main] org.springframework.test.context.cache   : Spring test ApplicationContext cache statistics: [DefaultContextCache@2d471a7d size = 3, maxSize = 32, parentContextCount = 0, hitCount = 187, missCount = 3, failureCount = 0]
2024-12-04T18:49:33.277-03:00 DEBUG 3024 --- [hotel-silvania] [           main] org.springframework.test.context.cache   : Spring test ApplicationContext cache statistics: [DefaultContextCache@2d471a7d size = 3, maxSize = 32, parentContextCount = 0, hitCount = 188, missCount = 3, failureCount = 0]
2024-12-04T18:49:33.278-03:00 DEBUG 3024 --- [hotel-silvania] [           main] org.springframework.test.context.cache   : Spring test ApplicationContext cache statistics: [DefaultContextCache@2d471a7d size = 3, maxSize = 32, parentContextCount = 0, hitCount = 189, missCount = 3, failureCount = 0]
2024-12-04T18:49:33.279-03:00 DEBUG 3024 --- [hotel-silvania] [           main] org.springframework.test.context.cache   : Spring test ApplicationContext cache statistics: [DefaultContextCache@2d471a7d size = 3, maxSize = 32, parentContextCount = 0, hitCount = 190, missCount = 3, failureCount = 0]
2024-12-04T18:49:33.279-03:00 DEBUG 3024 --- [hotel-silvania] [           main] org.springframework.test.context.cache   : Spring test ApplicationContext cache statistics: [DefaultContextCache@2d471a7d size = 3, maxSize = 32, parentContextCount = 0, hitCount = 191, missCount = 3, failureCount = 0]
2024-12-04T18:49:33.279-03:00 DEBUG 3024 --- [hotel-silvania] [           main] org.springframework.test.context.cache   : Spring test ApplicationContext cache statistics: [DefaultContextCache@2d471a7d size = 3, maxSize = 32, parentContextCount = 0, hitCount = 192, missCount = 3, failureCount = 0]
2024-12-04T18:49:33.279-03:00 DEBUG 3024 --- [hotel-silvania] [           main] org.springframework.test.context.cache   : Spring test ApplicationContext cache statistics: [DefaultContextCache@2d471a7d size = 3, maxSize = 32, parentContextCount = 0, hitCount = 193, missCount = 3, failureCount = 0]
2024-12-04T18:49:33.279-03:00 DEBUG 3024 --- [hotel-silvania] [           main] org.springframework.test.context.cache   : Spring test ApplicationContext cache statistics: [DefaultContextCache@2d471a7d size = 3, maxSize = 32, parentContextCount = 0, hitCount = 194, missCount = 3, failureCount = 0]
2024-12-04T18:49:33.279-03:00 DEBUG 3024 --- [hotel-silvania] [           main] org.springframework.test.context.cache   : Spring test ApplicationContext cache statistics: [DefaultContextCache@2d471a7d size = 3, maxSize = 32, parentContextCount = 0, hitCount = 195, missCount = 3, failureCount = 0]
2024-12-04T18:49:33.280-03:00 DEBUG 3024 --- [hotel-silvania] [           main] .c.s.DirtiesContextTestExecutionListener : After test method: class [HotelServiceTest], method [testAtualizarHotel], class annotated with @DirtiesContext [false] with mode [null], method annotated with @DirtiesContext [false] with mode [null]
2024-12-04T18:49:33.280-03:00 DEBUG 3024 --- [hotel-silvania] [           main] o.s.t.c.w.ServletTestExecutionListener   : Resetting RequestContextHolder for test class com.uniamerica.pie.hotel.services.HotelServiceTest
]]></system-out>
  </testcase>
</testsuite>